2014-06-17 16:21:28 Error: [MissingControllerException] Controller class JsController could not be found.
Exception Attributes: array (
  'class' => 'JsController',
  'plugin' => NULL,
)
Request URL: /js/jquery-2.0.3.min.map
Stack Trace:
#0 /Users/jonathanbicheux/Documents/Project/WineLovers/app/webroot/index.php(108): Dispatcher->dispatch(Object(CakeRequest), Object(CakeResponse))
#1 {main}
2014-06-17 16:25:43 Error: [MissingControllerException] Controller class JsController could not be found.
Exception Attributes: array (
  'class' => 'JsController',
  'plugin' => NULL,
)
Request URL: /js/jquery-2.0.3.min.map
Stack Trace:
#0 /Users/jonathanbicheux/Documents/Project/WineLovers/app/webroot/index.php(108): Dispatcher->dispatch(Object(CakeRequest), Object(CakeResponse))
#1 {main}
2014-06-17 16:25:53 Error: [MissingControllerException] Controller class JsController could not be found.
Exception Attributes: array (
  'class' => 'JsController',
  'plugin' => NULL,
)
Request URL: /js/jquery-2.0.3.min.map
Stack Trace:
#0 /Users/jonathanbicheux/Documents/Project/WineLovers/app/webroot/index.php(108): Dispatcher->dispatch(Object(CakeRequest), Object(CakeResponse))
#1 {main}
2014-06-17 17:54:56 Error: Fatal Error (4): syntax error, unexpected ';' in [/Users/jonathanbicheux/Documents/Project/WineLovers/app/Controller/UsersController.php, line 169]
2014-06-17 17:54:56 Error: [FatalErrorException] syntax error, unexpected ';'
Request URL: /users/logout
Stack Trace:
#0 /Users/jonathanbicheux/Documents/Project/WineLovers/lib/Cake/Error/ErrorHandler.php(203): ErrorHandler::handleFatalError(4, 'syntax error, u...', '/Users/jonathan...', 169)
#1 [internal function]: ErrorHandler::handleError(4, 'syntax error, u...', '/Users/jonathan...', 169, Array)
#2 /Users/jonathanbicheux/Documents/Project/WineLovers/lib/Cake/Core/App.php(929): call_user_func('ErrorHandler::h...', 4, 'syntax error, u...', '/Users/jonathan...', 169, Array)
#3 /Users/jonathanbicheux/Documents/Project/WineLovers/lib/Cake/Core/App.php(902): App::_checkFatalError()
#4 [internal function]: App::shutdown()
#5 {main}
2014-06-17 17:56:12 Error: Fatal Error (1): Call to undefined method UsersController::url() in [/Users/jonathanbicheux/Documents/Project/WineLovers/app/Controller/UsersController.php, line 169]
2014-06-17 17:56:12 Error: [FatalErrorException] Call to undefined method UsersController::url()
Request URL: /signin
Stack Trace:
#0 /Users/jonathanbicheux/Documents/Project/WineLovers/lib/Cake/Error/ErrorHandler.php(203): ErrorHandler::handleFatalError(1, 'Call to undefin...', '/Users/jonathan...', 169)
#1 [internal function]: ErrorHandler::handleError(1, 'Call to undefin...', '/Users/jonathan...', 169, Array)
#2 /Users/jonathanbicheux/Documents/Project/WineLovers/lib/Cake/Core/App.php(929): call_user_func('ErrorHandler::h...', 1, 'Call to undefin...', '/Users/jonathan...', 169, Array)
#3 /Users/jonathanbicheux/Documents/Project/WineLovers/lib/Cake/Core/App.php(902): App::_checkFatalError()
#4 [internal function]: App::shutdown()
#5 {main}
2014-06-17 18:04:26 Error: Fatal Error (1): Call to a member function url() on a non-object in [/Users/jonathanbicheux/Documents/Project/WineLovers/app/Controller/UsersController.php, line 169]
2014-06-17 18:04:26 Error: [FatalErrorException] Call to a member function url() on a non-object
Request URL: /signin
Stack Trace:
#0 /Users/jonathanbicheux/Documents/Project/WineLovers/lib/Cake/Error/ErrorHandler.php(203): ErrorHandler::handleFatalError(1, 'Call to a membe...', '/Users/jonathan...', 169)
#1 [internal function]: ErrorHandler::handleError(1, 'Call to a membe...', '/Users/jonathan...', 169, Array)
#2 /Users/jonathanbicheux/Documents/Project/WineLovers/lib/Cake/Core/App.php(929): call_user_func('ErrorHandler::h...', 1, 'Call to a membe...', '/Users/jonathan...', 169, Array)
#3 /Users/jonathanbicheux/Documents/Project/WineLovers/lib/Cake/Core/App.php(902): App::_checkFatalError()
#4 [internal function]: App::shutdown()
#5 {main}
2014-06-17 18:30:12 Error: [MissingViewException] View file "/Users/jonathanbicheux/Documents/Project/WineLovers/app/View/Users/validation.ctp" is missing.
Exception Attributes: array (
  'file' => '/Users/jonathanbicheux/Documents/Project/WineLovers/app/View/Users/validation.ctp',
)
Request URL: /validation/53a06b8f921ac
Stack Trace:
#0 /Users/jonathanbicheux/Documents/Project/WineLovers/lib/Cake/View/View.php(457): View->_getViewFileName(NULL)
#1 /Users/jonathanbicheux/Documents/Project/WineLovers/lib/Cake/Controller/Controller.php(952): View->render(NULL, NULL)
#2 /Users/jonathanbicheux/Documents/Project/WineLovers/lib/Cake/Routing/Dispatcher.php(192): Controller->render()
#3 /Users/jonathanbicheux/Documents/Project/WineLovers/lib/Cake/Routing/Dispatcher.php(160): Dispatcher->_invoke(Object(UsersController), Object(CakeRequest), Object(CakeResponse))
#4 /Users/jonathanbicheux/Documents/Project/WineLovers/app/webroot/index.php(108): Dispatcher->dispatch(Object(CakeRequest), Object(CakeResponse))
#5 {main}
2014-06-17 18:39:14 Error: [MissingViewException] View file "/Users/jonathanbicheux/Documents/Project/WineLovers/app/View/Users/validation.ctp" is missing.
Exception Attributes: array (
  'file' => '/Users/jonathanbicheux/Documents/Project/WineLovers/app/View/Users/validation.ctp',
)
Request URL: /validation/53a06b8f921ac
Stack Trace:
#0 /Users/jonathanbicheux/Documents/Project/WineLovers/lib/Cake/View/View.php(457): View->_getViewFileName(NULL)
#1 /Users/jonathanbicheux/Documents/Project/WineLovers/lib/Cake/Controller/Controller.php(952): View->render(NULL, NULL)
#2 /Users/jonathanbicheux/Documents/Project/WineLovers/lib/Cake/Routing/Dispatcher.php(192): Controller->render()
#3 /Users/jonathanbicheux/Documents/Project/WineLovers/lib/Cake/Routing/Dispatcher.php(160): Dispatcher->_invoke(Object(UsersController), Object(CakeRequest), Object(CakeResponse))
#4 /Users/jonathanbicheux/Documents/Project/WineLovers/app/webroot/index.php(108): Dispatcher->dispatch(Object(CakeRequest), Object(CakeResponse))
#5 {main}
2014-06-17 18:47:06 Error: [MissingViewException] View file "/Users/jonathanbicheux/Documents/Project/WineLovers/app/View/Users/validation.ctp" is missing.
Exception Attributes: array (
  'file' => '/Users/jonathanbicheux/Documents/Project/WineLovers/app/View/Users/validation.ctp',
)
Request URL: /validation/53a06b8f921ac
Stack Trace:
#0 /Users/jonathanbicheux/Documents/Project/WineLovers/lib/Cake/View/View.php(457): View->_getViewFileName(NULL)
#1 /Users/jonathanbicheux/Documents/Project/WineLovers/lib/Cake/Controller/Controller.php(952): View->render(NULL, NULL)
#2 /Users/jonathanbicheux/Documents/Project/WineLovers/lib/Cake/Routing/Dispatcher.php(192): Controller->render()
#3 /Users/jonathanbicheux/Documents/Project/WineLovers/lib/Cake/Routing/Dispatcher.php(160): Dispatcher->_invoke(Object(UsersController), Object(CakeRequest), Object(CakeResponse))
#4 /Users/jonathanbicheux/Documents/Project/WineLovers/app/webroot/index.php(108): Dispatcher->dispatch(Object(CakeRequest), Object(CakeResponse))
#5 {main}
2014-06-17 18:49:39 Error: [MissingViewException] View file "/Users/jonathanbicheux/Documents/Project/WineLovers/app/View/Users/validation.ctp" is missing.
Exception Attributes: array (
  'file' => '/Users/jonathanbicheux/Documents/Project/WineLovers/app/View/Users/validation.ctp',
)
Request URL: /validation/53a06b8f921ac
Stack Trace:
#0 /Users/jonathanbicheux/Documents/Project/WineLovers/lib/Cake/View/View.php(457): View->_getViewFileName(NULL)
#1 /Users/jonathanbicheux/Documents/Project/WineLovers/lib/Cake/Controller/Controller.php(952): View->render(NULL, NULL)
#2 /Users/jonathanbicheux/Documents/Project/WineLovers/lib/Cake/Routing/Dispatcher.php(192): Controller->render()
#3 /Users/jonathanbicheux/Documents/Project/WineLovers/lib/Cake/Routing/Dispatcher.php(160): Dispatcher->_invoke(Object(UsersController), Object(CakeRequest), Object(CakeResponse))
#4 /Users/jonathanbicheux/Documents/Project/WineLovers/app/webroot/index.php(108): Dispatcher->dispatch(Object(CakeRequest), Object(CakeResponse))
#5 {main}
2014-06-17 18:50:00 Error: [MissingViewException] View file "/Users/jonathanbicheux/Documents/Project/WineLovers/app/View/Users/validation.ctp" is missing.
Exception Attributes: array (
  'file' => '/Users/jonathanbicheux/Documents/Project/WineLovers/app/View/Users/validation.ctp',
)
Request URL: /validation/53a06b8f921ac
Stack Trace:
#0 /Users/jonathanbicheux/Documents/Project/WineLovers/lib/Cake/View/View.php(457): View->_getViewFileName(NULL)
#1 /Users/jonathanbicheux/Documents/Project/WineLovers/lib/Cake/Controller/Controller.php(952): View->render(NULL, NULL)
#2 /Users/jonathanbicheux/Documents/Project/WineLovers/lib/Cake/Routing/Dispatcher.php(192): Controller->render()
#3 /Users/jonathanbicheux/Documents/Project/WineLovers/lib/Cake/Routing/Dispatcher.php(160): Dispatcher->_invoke(Object(UsersController), Object(CakeRequest), Object(CakeResponse))
#4 /Users/jonathanbicheux/Documents/Project/WineLovers/app/webroot/index.php(108): Dispatcher->dispatch(Object(CakeRequest), Object(CakeResponse))
#5 {main}
2014-06-17 18:50:17 Error: [MissingViewException] View file "/Users/jonathanbicheux/Documents/Project/WineLovers/app/View/Users/validation.ctp" is missing.
Exception Attributes: array (
  'file' => '/Users/jonathanbicheux/Documents/Project/WineLovers/app/View/Users/validation.ctp',
)
Request URL: /validation/53a06b8f921ac
Stack Trace:
#0 /Users/jonathanbicheux/Documents/Project/WineLovers/lib/Cake/View/View.php(457): View->_getViewFileName(NULL)
#1 /Users/jonathanbicheux/Documents/Project/WineLovers/lib/Cake/Controller/Controller.php(952): View->render(NULL, NULL)
#2 /Users/jonathanbicheux/Documents/Project/WineLovers/lib/Cake/Routing/Dispatcher.php(192): Controller->render()
#3 /Users/jonathanbicheux/Documents/Project/WineLovers/lib/Cake/Routing/Dispatcher.php(160): Dispatcher->_invoke(Object(UsersController), Object(CakeRequest), Object(CakeResponse))
#4 /Users/jonathanbicheux/Documents/Project/WineLovers/app/webroot/index.php(108): Dispatcher->dispatch(Object(CakeRequest), Object(CakeResponse))
#5 {main}
2014-06-17 19:06:33 Error: [MissingViewException] View file "/Users/jonathanbicheux/Documents/Project/WineLovers/app/View/Users/validation.ctp" is missing.
Exception Attributes: array (
  'file' => '/Users/jonathanbicheux/Documents/Project/WineLovers/app/View/Users/validation.ctp',
)
Request URL: /validation/53a06b8f921ac
Stack Trace:
#0 /Users/jonathanbicheux/Documents/Project/WineLovers/lib/Cake/View/View.php(457): View->_getViewFileName(NULL)
#1 /Users/jonathanbicheux/Documents/Project/WineLovers/lib/Cake/Controller/Controller.php(952): View->render(NULL, NULL)
#2 /Users/jonathanbicheux/Documents/Project/WineLovers/lib/Cake/Routing/Dispatcher.php(192): Controller->render()
#3 /Users/jonathanbicheux/Documents/Project/WineLovers/lib/Cake/Routing/Dispatcher.php(160): Dispatcher->_invoke(Object(UsersController), Object(CakeRequest), Object(CakeResponse))
#4 /Users/jonathanbicheux/Documents/Project/WineLovers/app/webroot/index.php(108): Dispatcher->dispatch(Object(CakeRequest), Object(CakeResponse))
#5 {main}
2014-06-17 19:06:44 Error: [MissingViewException] View file "/Users/jonathanbicheux/Documents/Project/WineLovers/app/View/Users/validation.ctp" is missing.
Exception Attributes: array (
  'file' => '/Users/jonathanbicheux/Documents/Project/WineLovers/app/View/Users/validation.ctp',
)
Request URL: /validation/53a06b8f921ac
Stack Trace:
#0 /Users/jonathanbicheux/Documents/Project/WineLovers/lib/Cake/View/View.php(457): View->_getViewFileName(NULL)
#1 /Users/jonathanbicheux/Documents/Project/WineLovers/lib/Cake/Controller/Controller.php(952): View->render(NULL, NULL)
#2 /Users/jonathanbicheux/Documents/Project/WineLovers/lib/Cake/Routing/Dispatcher.php(192): Controller->render()
#3 /Users/jonathanbicheux/Documents/Project/WineLovers/lib/Cake/Routing/Dispatcher.php(160): Dispatcher->_invoke(Object(UsersController), Object(CakeRequest), Object(CakeResponse))
#4 /Users/jonathanbicheux/Documents/Project/WineLovers/app/webroot/index.php(108): Dispatcher->dispatch(Object(CakeRequest), Object(CakeResponse))
#5 {main}
2014-06-17 19:07:22 Error: [MissingViewException] View file "/Users/jonathanbicheux/Documents/Project/WineLovers/app/View/Users/validation.ctp" is missing.
Exception Attributes: array (
  'file' => '/Users/jonathanbicheux/Documents/Project/WineLovers/app/View/Users/validation.ctp',
)
Request URL: /validation/53a06b8f921ac
Stack Trace:
#0 /Users/jonathanbicheux/Documents/Project/WineLovers/lib/Cake/View/View.php(457): View->_getViewFileName(NULL)
#1 /Users/jonathanbicheux/Documents/Project/WineLovers/lib/Cake/Controller/Controller.php(952): View->render(NULL, NULL)
#2 /Users/jonathanbicheux/Documents/Project/WineLovers/lib/Cake/Routing/Dispatcher.php(192): Controller->render()
#3 /Users/jonathanbicheux/Documents/Project/WineLovers/lib/Cake/Routing/Dispatcher.php(160): Dispatcher->_invoke(Object(UsersController), Object(CakeRequest), Object(CakeResponse))
#4 /Users/jonathanbicheux/Documents/Project/WineLovers/app/webroot/index.php(108): Dispatcher->dispatch(Object(CakeRequest), Object(CakeResponse))
#5 {main}
2014-06-17 19:08:22 Error: [MissingViewException] View file "/Users/jonathanbicheux/Documents/Project/WineLovers/app/View/Users/validation.ctp" is missing.
Exception Attributes: array (
  'file' => '/Users/jonathanbicheux/Documents/Project/WineLovers/app/View/Users/validation.ctp',
)
Request URL: /validation/53a06b8f921ac
Stack Trace:
#0 /Users/jonathanbicheux/Documents/Project/WineLovers/lib/Cake/View/View.php(457): View->_getViewFileName(NULL)
#1 /Users/jonathanbicheux/Documents/Project/WineLovers/lib/Cake/Controller/Controller.php(952): View->render(NULL, NULL)
#2 /Users/jonathanbicheux/Documents/Project/WineLovers/lib/Cake/Routing/Dispatcher.php(192): Controller->render()
#3 /Users/jonathanbicheux/Documents/Project/WineLovers/lib/Cake/Routing/Dispatcher.php(160): Dispatcher->_invoke(Object(UsersController), Object(CakeRequest), Object(CakeResponse))
#4 /Users/jonathanbicheux/Documents/Project/WineLovers/app/webroot/index.php(108): Dispatcher->dispatch(Object(CakeRequest), Object(CakeResponse))
#5 {main}
2014-06-17 19:09:37 Error: [MissingViewException] View file "/Users/jonathanbicheux/Documents/Project/WineLovers/app/View/Users/validation.ctp" is missing.
Exception Attributes: array (
  'file' => '/Users/jonathanbicheux/Documents/Project/WineLovers/app/View/Users/validation.ctp',
)
Request URL: /validation/53a06b8f921ac
Stack Trace:
#0 /Users/jonathanbicheux/Documents/Project/WineLovers/lib/Cake/View/View.php(457): View->_getViewFileName(NULL)
#1 /Users/jonathanbicheux/Documents/Project/WineLovers/lib/Cake/Controller/Controller.php(952): View->render(NULL, NULL)
#2 /Users/jonathanbicheux/Documents/Project/WineLovers/lib/Cake/Routing/Dispatcher.php(192): Controller->render()
#3 /Users/jonathanbicheux/Documents/Project/WineLovers/lib/Cake/Routing/Dispatcher.php(160): Dispatcher->_invoke(Object(UsersController), Object(CakeRequest), Object(CakeResponse))
#4 /Users/jonathanbicheux/Documents/Project/WineLovers/app/webroot/index.php(108): Dispatcher->dispatch(Object(CakeRequest), Object(CakeResponse))
#5 {main}
2014-06-17 19:10:11 Error: [MissingViewException] View file "/Users/jonathanbicheux/Documents/Project/WineLovers/app/View/Users/validation.ctp" is missing.
Exception Attributes: array (
  'file' => '/Users/jonathanbicheux/Documents/Project/WineLovers/app/View/Users/validation.ctp',
)
Request URL: /validation/53a06b8f921ac
Stack Trace:
#0 /Users/jonathanbicheux/Documents/Project/WineLovers/lib/Cake/View/View.php(457): View->_getViewFileName(NULL)
#1 /Users/jonathanbicheux/Documents/Project/WineLovers/lib/Cake/Controller/Controller.php(952): View->render(NULL, NULL)
#2 /Users/jonathanbicheux/Documents/Project/WineLovers/lib/Cake/Routing/Dispatcher.php(192): Controller->render()
#3 /Users/jonathanbicheux/Documents/Project/WineLovers/lib/Cake/Routing/Dispatcher.php(160): Dispatcher->_invoke(Object(UsersController), Object(CakeRequest), Object(CakeResponse))
#4 /Users/jonathanbicheux/Documents/Project/WineLovers/app/webroot/index.php(108): Dispatcher->dispatch(Object(CakeRequest), Object(CakeResponse))
#5 {main}
2014-06-17 19:11:22 Error: [MissingViewException] View file "/Users/jonathanbicheux/Documents/Project/WineLovers/app/View/Users/validation.ctp" is missing.
Exception Attributes: array (
  'file' => '/Users/jonathanbicheux/Documents/Project/WineLovers/app/View/Users/validation.ctp',
)
Request URL: /validation/53a06b8f921ac
Stack Trace:
#0 /Users/jonathanbicheux/Documents/Project/WineLovers/lib/Cake/View/View.php(457): View->_getViewFileName(NULL)
#1 /Users/jonathanbicheux/Documents/Project/WineLovers/lib/Cake/Controller/Controller.php(952): View->render(NULL, NULL)
#2 /Users/jonathanbicheux/Documents/Project/WineLovers/lib/Cake/Routing/Dispatcher.php(192): Controller->render()
#3 /Users/jonathanbicheux/Documents/Project/WineLovers/lib/Cake/Routing/Dispatcher.php(160): Dispatcher->_invoke(Object(UsersController), Object(CakeRequest), Object(CakeResponse))
#4 /Users/jonathanbicheux/Documents/Project/WineLovers/app/webroot/index.php(108): Dispatcher->dispatch(Object(CakeRequest), Object(CakeResponse))
#5 {main}
2014-06-17 19:12:43 Error: [MissingViewException] View file "/Users/jonathanbicheux/Documents/Project/WineLovers/app/View/Users/validation.ctp" is missing.
Exception Attributes: array (
  'file' => '/Users/jonathanbicheux/Documents/Project/WineLovers/app/View/Users/validation.ctp',
)
Request URL: /validation/53a06b8f921ac
Stack Trace:
#0 /Users/jonathanbicheux/Documents/Project/WineLovers/lib/Cake/View/View.php(457): View->_getViewFileName(NULL)
#1 /Users/jonathanbicheux/Documents/Project/WineLovers/lib/Cake/Controller/Controller.php(952): View->render(NULL, NULL)
#2 /Users/jonathanbicheux/Documents/Project/WineLovers/lib/Cake/Routing/Dispatcher.php(192): Controller->render()
#3 /Users/jonathanbicheux/Documents/Project/WineLovers/lib/Cake/Routing/Dispatcher.php(160): Dispatcher->_invoke(Object(UsersController), Object(CakeRequest), Object(CakeResponse))
#4 /Users/jonathanbicheux/Documents/Project/WineLovers/app/webroot/index.php(108): Dispatcher->dispatch(Object(CakeRequest), Object(CakeResponse))
#5 {main}
